<?xml version="1.0" encoding="UTF-8"?>
<testsuite xmlns:xsi="http://www.w3.org/2001/XMLSchema-instance" xsi:noNamespaceSchemaLocation="https://maven.apache.org/surefire/maven-surefire-plugin/xsd/surefire-test-report-3.0.xsd" version="3.0" name="com.elsa.authcore.AuthCore.AuthCoreApplicationTests" time="7.134" tests="1" errors="0" skipped="0" failures="0">
  <properties>
[...]
</properties>
  <testcase name="contextLoads" classname="com.elsa.authcore.AuthCore.AuthCoreApplicationTests" time="0.457">
    <system-out><![CDATA[21:14:54.685 [main] INFO org.springframework.test.context.support.AnnotationConfigContextLoaderUtils -- Could not detect default configuration classes for test class [com.elsa.authcore.AuthCore.AuthCoreApplicationTests]: AuthCoreApplicationTests does not declare any static, non-private, non-final, nested classes annotated with @Configuration.
21:14:54.803 [main] INFO org.springframework.boot.test.context.SpringBootTestContextBootstrapper -- Found @SpringBootConfiguration com.elsa.authcore.AuthCore.AuthCoreApplication for test class com.elsa.authcore.AuthCore.AuthCoreApplicationTests
21:14:54.994 [main] INFO org.springframework.boot.devtools.restart.RestartApplicationListener -- Restart disabled due to context in which it is running
21:14:54,555 |-INFO in ch.qos.logback.classic.LoggerContext[default] - This is logback-classic version 1.5.11
21:14:54,557 |-INFO in ch.qos.logback.classic.util.ContextInitializer@47ec7422 - Here is a list of configurators discovered as a service, by rank: 
21:14:54,557 |-INFO in ch.qos.logback.classic.util.ContextInitializer@47ec7422 -   org.springframework.boot.logging.logback.RootLogLevelConfigurator
21:14:54,557 |-INFO in ch.qos.logback.classic.util.ContextInitializer@47ec7422 - They will be invoked in order until ExecutionStatus.DO_NOT_INVOKE_NEXT_IF_ANY is returned.
21:14:54,558 |-INFO in ch.qos.logback.classic.util.ContextInitializer@47ec7422 - Constructed configurator of type class org.springframework.boot.logging.logback.RootLogLevelConfigurator
21:14:54,564 |-INFO in ch.qos.logback.classic.util.ContextInitializer@47ec7422 - org.springframework.boot.logging.logback.RootLogLevelConfigurator.configure() call lasted 1 milliseconds. ExecutionStatus=INVOKE_NEXT_IF_ANY
21:14:54,564 |-INFO in ch.qos.logback.classic.util.ContextInitializer@47ec7422 - Trying to configure with ch.qos.logback.classic.joran.SerializedModelConfigurator
21:14:54,564 |-INFO in ch.qos.logback.classic.util.ContextInitializer@47ec7422 - Constructed configurator of type class ch.qos.logback.classic.joran.SerializedModelConfigurator
21:14:54,566 |-INFO in ch.qos.logback.classic.LoggerContext[default] - Could NOT find resource [logback-test.scmo]
21:14:54,566 |-INFO in ch.qos.logback.classic.LoggerContext[default] - Could NOT find resource [logback.scmo]
21:14:54,566 |-INFO in ch.qos.logback.classic.util.ContextInitializer@47ec7422 - ch.qos.logback.classic.joran.SerializedModelConfigurator.configure() call lasted 2 milliseconds. ExecutionStatus=INVOKE_NEXT_IF_ANY
21:14:54,566 |-INFO in ch.qos.logback.classic.util.ContextInitializer@47ec7422 - Trying to configure with ch.qos.logback.classic.util.DefaultJoranConfigurator
21:14:54,567 |-INFO in ch.qos.logback.classic.util.ContextInitializer@47ec7422 - Constructed configurator of type class ch.qos.logback.classic.util.DefaultJoranConfigurator
21:14:54,567 |-INFO in ch.qos.logback.classic.LoggerContext[default] - Could NOT find resource [logback-test.xml]
21:14:54,567 |-INFO in ch.qos.logback.classic.LoggerContext[default] - Could NOT find resource [logback.xml]
21:14:54,567 |-INFO in ch.qos.logback.classic.util.ContextInitializer@47ec7422 - ch.qos.logback.classic.util.DefaultJoranConfigurator.configure() call lasted 0 milliseconds. ExecutionStatus=INVOKE_NEXT_IF_ANY
21:14:54,567 |-INFO in ch.qos.logback.classic.util.ContextInitializer@47ec7422 - Trying to configure with ch.qos.logback.classic.BasicConfigurator
21:14:54,568 |-INFO in ch.qos.logback.classic.util.ContextInitializer@47ec7422 - Constructed configurator of type class ch.qos.logback.classic.BasicConfigurator
21:14:54,568 |-INFO in ch.qos.logback.classic.BasicConfigurator@48535004 - Setting up default configuration.
21:14:54,583 |-INFO in ch.qos.logback.classic.util.ContextInitializer@47ec7422 - ch.qos.logback.classic.BasicConfigurator.configure() call lasted 15 milliseconds. ExecutionStatus=NEUTRAL
21:14:55,284 |-INFO in ch.qos.logback.core.model.processor.AppenderModelHandler - Processing appender named [STDOUT]
21:14:55,284 |-INFO in ch.qos.logback.core.model.processor.AppenderModelHandler - About to instantiate appender of type [ch.qos.logback.core.ConsoleAppender]
21:14:55,296 |-INFO in ch.qos.logback.core.model.processor.ImplicitModelHandler - Assuming default type [net.logstash.logback.composite.loggingevent.LoggingEventJsonProviders] for [providers] property
21:14:55,305 |-INFO in ch.qos.logback.core.model.processor.ImplicitModelHandler - Assuming default type [net.logstash.logback.composite.loggingevent.LoggingEventFormattedTimestampJsonProvider] for [timestamp] property
21:14:55,306 |-WARN in ch.qos.logback.core.model.processor.ImplicitModelHandler - Ignoring unknown property [logger] in [net.logstash.logback.composite.loggingevent.LoggingEventJsonProviders]
21:14:55,306 |-WARN in ch.qos.logback.core.model.processor.ImplicitModelHandler - Ignoring unknown property [thread] in [net.logstash.logback.composite.loggingevent.LoggingEventJsonProviders]
21:14:55,306 |-WARN in ch.qos.logback.core.model.processor.ImplicitModelHandler - Ignoring unknown property [level] in [net.logstash.logback.composite.loggingevent.LoggingEventJsonProviders]
21:14:55,307 |-INFO in ch.qos.logback.core.model.processor.ImplicitModelHandler - Assuming default type [net.logstash.logback.composite.loggingevent.MessageJsonProvider] for [message] property
21:14:55,309 |-INFO in ch.qos.logback.core.model.processor.ImplicitModelHandler - Assuming default type [net.logstash.logback.composite.loggingevent.StackTraceJsonProvider] for [stackTrace] property
21:14:55,437 |-INFO in ch.qos.logback.classic.model.processor.RootLoggerModelHandler - Setting level of ROOT logger to INFO
21:14:55,438 |-INFO in ch.qos.logback.classic.jul.LevelChangePropagator@610df783 - Propagating INFO level on Logger[ROOT] onto the JUL framework
21:14:55,438 |-INFO in ch.qos.logback.core.model.processor.AppenderRefModelHandler - Attaching appender named [STDOUT] to Logger[ROOT]
21:14:55,438 |-INFO in ch.qos.logback.classic.model.processor.LoggerModelHandler - Setting level of logger [org.springframework] to WARN
21:14:55,438 |-INFO in ch.qos.logback.classic.jul.LevelChangePropagator@610df783 - Propagating WARN level on Logger[org.springframework] onto the JUL framework
21:14:55,438 |-INFO in ch.qos.logback.classic.model.processor.LoggerModelHandler - Setting level of logger [com.yourpackage] to DEBUG
21:14:55,438 |-INFO in ch.qos.logback.classic.jul.LevelChangePropagator@610df783 - Propagating DEBUG level on Logger[com.yourpackage] onto the JUL framework
21:14:55,438 |-INFO in ch.qos.logback.core.model.processor.DefaultProcessor@f3fcd59 - End of configuration.
21:14:55,438 |-INFO in org.springframework.boot.logging.logback.SpringBootJoranConfigurator@2b56f5f8 - Registering current configuration as safe fallback point


  .   ____          _            __ _ _
 /\\ / ___'_ __ _ _(_)_ __  __ _ \ \ \ \
( ( )\___ | '_ | '_| | '_ \/ _` | \ \ \ \
 \\/  ___)| |_)| | | | | || (_| |  ) ) ) )
  '  |____| .__|_| |_|_| |_\__, | / / / /
 =========|_|==============|___/=/_/_/_/

 :: Spring Boot ::                (v3.3.5)

{"@timestamp":"2025-02-11T21:14:55.4751233+03:00","message":"HV000001: Hibernate Validator 8.0.1.Final"}
{"@timestamp":"2025-02-11T21:14:55.5139599+03:00","message":"Starting AuthCoreApplicationTests using Java 21.0.2 with PID 20600 (started by mulug in C:\\Users\\mulug\\git\\AuthCore)"}
{"@timestamp":"2025-02-11T21:14:55.5149615+03:00","message":"No active profile set, falling back to 1 default profile: \"default\""}
{"@timestamp":"2025-02-11T21:14:57.2098754+03:00","message":"HHH000204: Processing PersistenceUnitInfo [name: default]"}
{"@timestamp":"2025-02-11T21:14:57.296482+03:00","message":"HHH000412: Hibernate ORM core version 6.5.3.Final"}
{"@timestamp":"2025-02-11T21:14:57.3381059+03:00","message":"HHH000026: Second-level cache disabled"}
{"@timestamp":"2025-02-11T21:14:57.7671622+03:00","message":"HikariPool-1 - Starting..."}
{"@timestamp":"2025-02-11T21:14:57.9565369+03:00","message":"HikariPool-1 - Added connection org.postgresql.jdbc.PgConnection@5e020dd1"}
{"@timestamp":"2025-02-11T21:14:57.9575331+03:00","message":"HikariPool-1 - Start completed."}
{"@timestamp":"2025-02-11T21:14:58.0005363+03:00","message":"HHH90000025: PostgreSQLDialect does not need to be specified explicitly using 'hibernate.dialect' (remove the property setting and it will be selected by default)"}
{"@timestamp":"2025-02-11T21:14:58.9206203+03:00","message":"HHH000489: No JTA platform available (set 'hibernate.transaction.jta.platform' to enable JTA platform integration)"}
Hibernate: create table user (id bigint generated by default as identity, created_at timestamp(6) not null, email varchar(100) not null, enabled boolean not null, failed_attempts integer not null check (failed_attempts>=0), last_login timestamp(6), last_password_reset timestamp(6), locked_until timestamp(6), password varchar(255) not null, reset_token varchar(255), reset_token_expiry timestamp(6), token_expiry_date timestamp(6), updated_at timestamp(6) not null, username varchar(50) not null, verification_token varchar(255), primary key (id))
{"@timestamp":"2025-02-11T21:14:58.9996668+03:00","message":"GenerationTarget encountered exception accepting command : Error executing DDL \"create table user (id bigint generated by default as identity, created_at timestamp(6) not null, email varchar(100) not null, enabled boolean not null, failed_attempts integer not null check (failed_attempts>=0), last_login timestamp(6), last_password_reset timestamp(6), locked_until timestamp(6), password varchar(255) not null, reset_token varchar(255), reset_token_expiry timestamp(6), token_expiry_date timestamp(6), updated_at timestamp(6) not null, username varchar(50) not null, verification_token varchar(255), primary key (id))\" via JDBC [ERROR: syntax error at or near \"user\"\n  Position: 14]","stack_trace":"org.hibernate.tool.schema.spi.CommandAcceptanceException: Error executing DDL \"create table user (id bigint generated by default as identity, created_at timestamp(6) not null, email varchar(100) not null, enabled boolean not null, failed_attempts integer not null check (failed_attempts>=0), last_login timestamp(6), last_password_reset timestamp(6), locked_until timestamp(6), password varchar(255) not null, reset_token varchar(255), reset_token_expiry timestamp(6), token_expiry_date timestamp(6), updated_at timestamp(6) not null, username varchar(50) not null, verification_token varchar(255), primary key (id))\" via JDBC [ERROR: syntax error at or near \"user\"\n  Position: 14]\r\n\tat org.hibernate.tool.schema.internal.exec.GenerationTargetToDatabase.accept(GenerationTargetToDatabase.java:94)\r\n\tat org.hibernate.tool.schema.internal.AbstractSchemaMigrator.applySqlString(AbstractSchemaMigrator.java:583)\r\n\tat org.hibernate.tool.schema.internal.AbstractSchemaMigrator.applySqlStrings(AbstractSchemaMigrator.java:523)\r\n\tat org.hibernate.tool.schema.internal.AbstractSchemaMigrator.createTable(AbstractSchemaMigrator.java:323)\r\n\tat org.hibernate.tool.schema.internal.GroupedSchemaMigratorImpl.performTablesMigration(GroupedSchemaMigratorImpl.java:80)\r\n\tat org.hibernate.tool.schema.internal.AbstractSchemaMigrator.performMigration(AbstractSchemaMigrator.java:240)\r\n\tat org.hibernate.tool.schema.internal.AbstractSchemaMigrator.doMigration(AbstractSchemaMigrator.java:119)\r\n\tat org.hibernate.tool.schema.spi.SchemaManagementToolCoordinator.performDatabaseAction(SchemaManagementToolCoordinator.java:280)\r\n\tat org.hibernate.tool.schema.spi.SchemaManagementToolCoordinator.lambda$process$5(SchemaManagementToolCoordinator.java:144)\r\n\tat java.base/java.util.HashMap.forEach(HashMap.java:1429)\r\n\tat org.hibernate.tool.schema.spi.SchemaManagementToolCoordinator.process(SchemaManagementToolCoordinator.java:141)\r\n\tat org.hibernate.boot.internal.SessionFactoryObserverForSchemaExport.sessionFactoryCreated(SessionFactoryObserverForSchemaExport.java:37)\r\n\tat org.hibernate.internal.SessionFactoryObserverChain.sessionFactoryCreated(SessionFactoryObserverChain.java:35)\r\n\tat org.hibernate.internal.SessionFactoryImpl.<init>(SessionFactoryImpl.java:322)\r\n\tat org.hibernate.boot.internal.SessionFactoryBuilderImpl.build(SessionFactoryBuilderImpl.java:457)\r\n\tat org.hibernate.jpa.boot.internal.EntityManagerFactoryBuilderImpl.build(EntityManagerFactoryBuilderImpl.java:1506)\r\n\tat org.springframework.orm.jpa.vendor.SpringHibernateJpaPersistenceProvider.createContainerEntityManagerFactory(SpringHibernateJpaPersistenceProvider.java:75)\r\n\tat org.springframework.orm.jpa.LocalContainerEntityManagerFactoryBean.createNativeEntityManagerFactory(LocalContainerEntityManagerFactoryBean.java:390)\r\n\tat org.springframework.orm.jpa.AbstractEntityManagerFactoryBean.buildNativeEntityManagerFactory(AbstractEntityManagerFactoryBean.java:409)\r\n\tat org.springframework.orm.jpa.AbstractEntityManagerFactoryBean.afterPropertiesSet(AbstractEntityManagerFactoryBean.java:396)\r\n\tat org.springframework.orm.jpa.LocalContainerEntityManagerFactoryBean.afterPropertiesSet(LocalContainerEntityManagerFactoryBean.java:366)\r\n\tat org.springframework.beans.factory.support.AbstractAutowireCapableBeanFactory.invokeInitMethods(AbstractAutowireCapableBeanFactory.java:1853)\r\n\tat org.springframework.beans.factory.support.AbstractAutowireCapableBeanFactory.initializeBean(AbstractAutowireCapableBeanFactory.java:1802)\r\n\tat org.springframework.beans.factory.support.AbstractAutowireCapableBeanFactory.doCreateBean(AbstractAutowireCapableBeanFactory.java:600)\r\n\tat org.springframework.beans.factory.support.AbstractAutowireCapableBeanFactory.createBean(AbstractAutowireCapableBeanFactory.java:522)\r\n\tat org.springframework.beans.factory.support.AbstractBeanFactory.lambda$doGetBean$0(AbstractBeanFactory.java:337)\r\n\tat org.springframework.beans.factory.support.DefaultSingletonBeanRegistry.getSingleton(DefaultSingletonBeanRegistry.java:234)\r\n\tat org.springframework.beans.factory.support.AbstractBeanFactory.doGetBean(AbstractBeanFactory.java:335)\r\n\tat org.springframework.beans.factory.support.AbstractBeanFactory.getBean(AbstractBeanFactory.java:205)\r\n\tat org.springframework.context.support.AbstractApplicationContext.finishBeanFactoryInitialization(AbstractApplicationContext.java:954)\r\n\tat org.springframework.context.support.AbstractApplicationContext.refresh(AbstractApplicationContext.java:625)\r\n\tat org.springframework.boot.SpringApplication.refresh(SpringApplication.java:754)\r\n\tat org.springframework.boot.SpringApplication.refreshContext(SpringApplication.java:456)\r\n\tat org.springframework.boot.SpringApplication.run(SpringApplication.java:335)\r\n\tat org.springframework.boot.test.context.SpringBootContextLoader.lambda$loadContext$3(SpringBootContextLoader.java:137)\r\n\tat org.springframework.util.function.ThrowingSupplier.get(ThrowingSupplier.java:58)\r\n\tat org.springframework.util.function.ThrowingSupplier.get(ThrowingSupplier.java:46)\r\n\tat org.springframework.boot.SpringApplication.withHook(SpringApplication.java:1463)\r\n\tat org.springframework.boot.test.context.SpringBootContextLoader$ContextLoaderHook.run(SpringBootContextLoader.java:553)\r\n\tat org.springframework.boot.test.context.SpringBootContextLoader.loadContext(SpringBootContextLoader.java:137)\r\n\tat org.springframework.boot.test.context.SpringBootContextLoader.loadContext(SpringBootContextLoader.java:108)\r\n\tat org.springframework.test.context.cache.DefaultCacheAwareContextLoaderDelegate.loadContextInternal(DefaultCacheAwareContextLoaderDelegate.java:225)\r\n\tat org.springframework.test.context.cache.DefaultCacheAwareContextLoaderDelegate.loadContext(DefaultCacheAwareContextLoaderDelegate.java:152)\r\n\tat org.springframework.test.context.support.DefaultTestContext.getApplicationContext(DefaultTestContext.java:130)\r\n\tat org.springframework.test.context.web.ServletTestExecutionListener.setUpRequestContextIfNecessary(ServletTestExecutionListener.java:191)\r\n\tat org.springframework.test.context.web.ServletTestExecutionListener.prepareTestInstance(ServletTestExecutionListener.java:130)\r\n\tat org.springframework.test.context.TestContextManager.prepareTestInstance(TestContextManager.java:260)\r\n\tat org.springframework.test.context.junit.jupiter.SpringExtension.postProcessTestInstance(SpringExtension.java:163)\r\n\tat org.junit.jupiter.engine.descriptor.ClassBasedTestDescriptor.lambda$invokeTestInstancePostProcessors$10(ClassBasedTestDescriptor.java:378)\r\n\tat org.junit.jupiter.engine.descriptor.ClassBasedTestDescriptor.executeAndMaskThrowable(ClassBasedTestDescriptor.java:383)\r\n\tat org.junit.jupiter.engine.descriptor.ClassBasedTestDescriptor.lambda$invokeTestInstancePostProcessors$11(ClassBasedTestDescriptor.java:378)\r\n\tat java.base/java.util.stream.ReferencePipeline$3$1.accept(ReferencePipeline.java:197)\r\n\tat java.base/java.util.stream.ReferencePipeline$2$1.accept(ReferencePipeline.java:179)\r\n\tat java.base/java.util.ArrayList$ArrayListSpliterator.forEachRemaining(ArrayList.java:1708)\r\n\tat java.base/java.util.stream.AbstractPipeline.copyInto(AbstractPipeline.java:509)\r\n\tat java.base/java.util.stream.AbstractPipeline.wrapAndCopyInto(AbstractPipeline.java:499)\r\n\tat java.base/java.util.stream.StreamSpliterators$WrappingSpliterator.forEachRemaining(StreamSpliterators.java:310)\r\n\tat java.base/java.util.stream.Streams$ConcatSpliterator.forEachRemaining(Streams.java:735)\r\n\tat java.base/java.util.stream.Streams$ConcatSpliterator.forEachRemaining(Streams.java:734)\r\n\tat java.base/java.util.stream.ReferencePipeline$Head.forEach(ReferencePipeline.java:762)\r\n\tat org.junit.jupiter.engine.descriptor.ClassBasedTestDescriptor.invokeTestInstancePostProcessors(ClassBasedTestDescriptor.java:377)\r\n\tat org.junit.jupiter.engine.descriptor.ClassBasedTestDescriptor.lambda$instantiateAndPostProcessTestInstance$6(ClassBasedTestDescriptor.java:290)\r\n\tat org.junit.platform.engine.support.hierarchical.ThrowableCollector.execute(ThrowableCollector.java:73)\r\n\tat org.junit.jupiter.engine.descriptor.ClassBasedTestDescriptor.instantiateAndPostProcessTestInstance(ClassBasedTestDescriptor.java:289)\r\n\tat org.junit.jupiter.engine.descriptor.ClassBasedTestDescriptor.lambda$testInstancesProvider$4(ClassBasedTestDescriptor.java:279)\r\n\tat java.base/java.util.Optional.orElseGet(Optional.java:364)\r\n\tat org.junit.jupiter.engine.descriptor.ClassBasedTestDescriptor.lambda$testInstancesProvider$5(ClassBasedTestDescriptor.java:278)\r\n\tat org.junit.jupiter.engine.execution.TestInstancesProvider.getTestInstances(TestInstancesProvider.java:31)\r\n\tat org.junit.jupiter.engine.descriptor.TestMethodTestDescriptor.lambda$prepare$0(TestMethodTestDescriptor.java:106)\r\n\tat org.junit.platform.engine.support.hierarchical.ThrowableCollector.execute(ThrowableCollector.java:73)\r\n\tat org.junit.jupiter.engine.descriptor.TestMethodTestDescriptor.prepare(TestMethodTestDescriptor.java:105)\r\n\tat org.junit.jupiter.engine.descriptor.TestMethodTestDescriptor.prepare(TestMethodTestDescriptor.java:69)\r\n\tat org.junit.platform.engine.support.hierarchical.NodeTestTask.lambda$prepare$2(NodeTestTask.java:128)\r\n\tat org.junit.platform.engine.support.hierarchical.ThrowableCollector.execute(ThrowableCollector.java:73)\r\n\tat org.junit.platform.engine.support.hierarchical.NodeTestTask.prepare(NodeTestTask.java:128)\r\n\tat org.junit.platform.engine.support.hierarchical.NodeTestTask.execute(NodeTestTask.java:95)\r\n\tat java.base/java.util.ArrayList.forEach(ArrayList.java:1596)\r\n\tat org.junit.platform.engine.support.hierarchical.SameThreadHierarchicalTestExecutorService.invokeAll(SameThreadHierarchicalTestExecutorService.java:41)\r\n\tat org.junit.platform.engine.support.hierarchical.NodeTestTask.lambda$executeRecursively$6(NodeTestTask.java:160)\r\n\tat org.junit.platform.engine.support.hierarchical.ThrowableCollector.execute(ThrowableCollector.java:73)\r\n\tat org.junit.platform.engine.support.hierarchical.NodeTestTask.lambda$executeRecursively$8(NodeTestTask.java:146)\r\n\tat org.junit.platform.engine.support.hierarchical.Node.around(Node.java:137)\r\n\tat org.junit.platform.engine.support.hierarchical.NodeTestTask.lambda$executeRecursively$9(NodeTestTask.java:144)\r\n\tat org.junit.platform.engine.support.hierarchical.ThrowableCollector.execute(ThrowableCollector.java:73)\r\n\tat org.junit.platform.engine.support.hierarchical.NodeTestTask.executeRecursively(NodeTestTask.java:143)\r\n\tat org.junit.platform.engine.support.hierarchical.NodeTestTask.execute(NodeTestTask.java:100)\r\n\tat java.base/java.util.ArrayList.forEach(ArrayList.java:1596)\r\n\tat org.junit.platform.engine.support.hierarchical.SameThreadHierarchicalTestExecutorService.invokeAll(SameThreadHierarchicalTestExecutorService.java:41)\r\n\tat org.junit.platform.engine.support.hierarchical.NodeTestTask.lambda$executeRecursively$6(NodeTestTask.java:160)\r\n\tat org.junit.platform.engine.support.hierarchical.ThrowableCollector.execute(ThrowableCollector.java:73)\r\n\tat org.junit.platform.engine.support.hierarchical.NodeTestTask.lambda$executeRecursively$8(NodeTestTask.java:146)\r\n\tat org.junit.platform.engine.support.hierarchical.Node.around(Node.java:137)\r\n\tat org.junit.platform.engine.support.hierarchical.NodeTestTask.lambda$executeRecursively$9(NodeTestTask.java:144)\r\n\tat org.junit.platform.engine.support.hierarchical.ThrowableCollector.execute(ThrowableCollector.java:73)\r\n\tat org.junit.platform.engine.support.hierarchical.NodeTestTask.executeRecursively(NodeTestTask.java:143)\r\n\tat org.junit.platform.engine.support.hierarchical.NodeTestTask.execute(NodeTestTask.java:100)\r\n\tat org.junit.platform.engine.support.hierarchical.SameThreadHierarchicalTestExecutorService.submit(SameThreadHierarchicalTestExecutorService.java:35)\r\n\tat org.junit.platform.engine.support.hierarchical.HierarchicalTestExecutor.execute(HierarchicalTestExecutor.java:57)\r\n\tat org.junit.platform.engine.support.hierarchical.HierarchicalTestEngine.execute(HierarchicalTestEngine.java:54)\r\n\tat org.junit.platform.launcher.core.EngineExecutionOrchestrator.execute(EngineExecutionOrchestrator.java:198)\r\n\tat org.junit.platform.launcher.core.EngineExecutionOrchestrator.execute(EngineExecutionOrchestrator.java:169)\r\n\tat org.junit.platform.launcher.core.EngineExecutionOrchestrator.execute(EngineExecutionOrchestrator.java:93)\r\n\tat org.junit.platform.launcher.core.EngineExecutionOrchestrator.lambda$execute$0(EngineExecutionOrchestrator.java:58)\r\n\tat org.junit.platform.launcher.core.EngineExecutionOrchestrator.withInterceptedStreams(EngineExecutionOrchestrator.java:141)\r\n\tat org.junit.platform.launcher.core.EngineExecutionOrchestrator.execute(EngineExecutionOrchestrator.java:57)\r\n\tat org.junit.platform.launcher.core.DefaultLauncher.execute(DefaultLauncher.java:103)\r\n\tat org.junit.platform.launcher.core.DefaultLauncher.execute(DefaultLauncher.java:85)\r\n\tat org.junit.platform.launcher.core.DelegatingLauncher.execute(DelegatingLauncher.java:47)\r\n\tat org.apache.maven.surefire.junitplatform.LazyLauncher.execute(LazyLauncher.java:56)\r\n\tat org.apache.maven.surefire.junitplatform.JUnitPlatformProvider.execute(JUnitPlatformProvider.java:184)\r\n\tat org.apache.maven.surefire.junitplatform.JUnitPlatformProvider.invokeAllTests(JUnitPlatformProvider.java:148)\r\n\tat org.apache.maven.surefire.junitplatform.JUnitPlatformProvider.invoke(JUnitPlatformProvider.java:122)\r\n\tat org.apache.maven.surefire.booter.ForkedBooter.runSuitesInProcess(ForkedBooter.java:385)\r\n\tat org.apache.maven.surefire.booter.ForkedBooter.execute(ForkedBooter.java:162)\r\n\tat org.apache.maven.surefire.booter.ForkedBooter.run(ForkedBooter.java:507)\r\n\tat org.apache.maven.surefire.booter.ForkedBooter.main(ForkedBooter.java:495)\r\nCaused by: org.postgresql.util.PSQLException: ERROR: syntax error at or near \"user\"\n  Position: 14\r\n\tat org.postgresql.core.v3.QueryExecutorImpl.receiveErrorResponse(QueryExecutorImpl.java:2733)\r\n\tat org.postgresql.core.v3.QueryExecutorImpl.processResults(QueryExecutorImpl.java:2420)\r\n\tat org.postgresql.core.v3.QueryExecutorImpl.execute(QueryExecutorImpl.java:372)\r\n\tat org.postgresql.jdbc.PgStatement.executeInternal(PgStatement.java:517)\r\n\tat org.postgresql.jdbc.PgStatement.execute(PgStatement.java:434)\r\n\tat org.postgresql.jdbc.PgStatement.executeWithFlags(PgStatement.java:356)\r\n\tat org.postgresql.jdbc.PgStatement.executeCachedSql(PgStatement.java:341)\r\n\tat org.postgresql.jdbc.PgStatement.executeWithFlags(PgStatement.java:317)\r\n\tat org.postgresql.jdbc.PgStatement.execute(PgStatement.java:312)\r\n\tat com.zaxxer.hikari.pool.ProxyStatement.execute(ProxyStatement.java:94)\r\n\tat com.zaxxer.hikari.pool.HikariProxyStatement.execute(HikariProxyStatement.java)\r\n\tat org.hibernate.tool.schema.internal.exec.GenerationTargetToDatabase.accept(GenerationTargetToDatabase.java:80)\r\n\t... 115 common frames omitted\r\n"}
Hibernate: alter table if exists user drop constraint if exists UKob8kqyqqgmefl0aco34akdtpe
Hibernate: alter table if exists user add constraint UKob8kqyqqgmefl0aco34akdtpe unique (email)
Hibernate: alter table if exists user drop constraint if exists UKsb8bbouer5wak8vyiiy4pf2bx
Hibernate: alter table if exists user add constraint UKsb8bbouer5wak8vyiiy4pf2bx unique (username)
{"@timestamp":"2025-02-11T21:15:00.1511496+03:00","message":"Global AuthenticationManager configured with an AuthenticationProvider bean. UserDetailsService beans will not be used for username/password login. Consider removing the AuthenticationProvider bean. Alternatively, consider using the UserDetailsService in a manually instantiated DaoAuthenticationProvider."}
{"@timestamp":"2025-02-11T21:15:00.2955882+03:00","message":"spring.jpa.open-in-view is enabled by default. Therefore, database queries may be performed during view rendering. Explicitly configure spring.jpa.open-in-view to disable this warning"}
{"@timestamp":"2025-02-11T21:15:01.1574771+03:00","message":"Started AuthCoreApplicationTests in 6.179 seconds (process running for 7.175)"}
]]></system-out>
    <system-err><![CDATA[WARNING: A Java agent has been loaded dynamically (C:\Users\mulug\.m2\repository\net\bytebuddy\byte-buddy-agent\1.14.19\byte-buddy-agent-1.14.19.jar)
WARNING: If a serviceability tool is in use, please run with -XX:+EnableDynamicAgentLoading to hide this warning
WARNING: If a serviceability tool is not in use, please run with -Djdk.instrument.traceUsage for more information
WARNING: Dynamic loading of agents will be disallowed by default in a future release
]]></system-err>
  </testcase>
</testsuite>