<?xml version="1.0" encoding="UTF-8"?>
<testsuite xmlns:xsi="http://www.w3.org/2001/XMLSchema-instance" xsi:noNamespaceSchemaLocation="https://maven.apache.org/surefire/maven-surefire-plugin/xsd/surefire-test-report-3.0.xsd" version="3.0" name="com.elsa.authcore.AuthCore.AuthCoreApplicationTests" time="6.896" tests="1" errors="0" skipped="0" failures="0">
  <properties>
[...]
</properties>
  <testcase name="contextLoads" classname="com.elsa.authcore.AuthCore.AuthCoreApplicationTests" time="0.47">
    <system-out><![CDATA[16:46:59.290 [main] INFO org.springframework.test.context.support.AnnotationConfigContextLoaderUtils -- Could not detect default configuration classes for test class [com.elsa.authcore.AuthCore.AuthCoreApplicationTests]: AuthCoreApplicationTests does not declare any static, non-private, non-final, nested classes annotated with @Configuration.
16:46:59.441 [main] INFO org.springframework.boot.test.context.SpringBootTestContextBootstrapper -- Found @SpringBootConfiguration com.elsa.authcore.AuthCore.AuthCoreApplication for test class com.elsa.authcore.AuthCore.AuthCoreApplicationTests
16:46:59.679 [main] INFO org.springframework.boot.devtools.restart.RestartApplicationListener -- Restart disabled due to context in which it is running
16:46:59,081 |-INFO in ch.qos.logback.classic.LoggerContext[default] - This is logback-classic version 1.5.11
16:46:59,083 |-INFO in ch.qos.logback.classic.util.ContextInitializer@4441d567 - Here is a list of configurators discovered as a service, by rank: 
16:46:59,083 |-INFO in ch.qos.logback.classic.util.ContextInitializer@4441d567 -   org.springframework.boot.logging.logback.RootLogLevelConfigurator
16:46:59,083 |-INFO in ch.qos.logback.classic.util.ContextInitializer@4441d567 - They will be invoked in order until ExecutionStatus.DO_NOT_INVOKE_NEXT_IF_ANY is returned.
16:46:59,083 |-INFO in ch.qos.logback.classic.util.ContextInitializer@4441d567 - Constructed configurator of type class org.springframework.boot.logging.logback.RootLogLevelConfigurator
16:46:59,091 |-INFO in ch.qos.logback.classic.util.ContextInitializer@4441d567 - org.springframework.boot.logging.logback.RootLogLevelConfigurator.configure() call lasted 1 milliseconds. ExecutionStatus=INVOKE_NEXT_IF_ANY
16:46:59,091 |-INFO in ch.qos.logback.classic.util.ContextInitializer@4441d567 - Trying to configure with ch.qos.logback.classic.joran.SerializedModelConfigurator
16:46:59,091 |-INFO in ch.qos.logback.classic.util.ContextInitializer@4441d567 - Constructed configurator of type class ch.qos.logback.classic.joran.SerializedModelConfigurator
16:46:59,094 |-INFO in ch.qos.logback.classic.LoggerContext[default] - Could NOT find resource [logback-test.scmo]
16:46:59,094 |-INFO in ch.qos.logback.classic.LoggerContext[default] - Could NOT find resource [logback.scmo]
16:46:59,094 |-INFO in ch.qos.logback.classic.util.ContextInitializer@4441d567 - ch.qos.logback.classic.joran.SerializedModelConfigurator.configure() call lasted 3 milliseconds. ExecutionStatus=INVOKE_NEXT_IF_ANY
16:46:59,094 |-INFO in ch.qos.logback.classic.util.ContextInitializer@4441d567 - Trying to configure with ch.qos.logback.classic.util.DefaultJoranConfigurator
16:46:59,094 |-INFO in ch.qos.logback.classic.util.ContextInitializer@4441d567 - Constructed configurator of type class ch.qos.logback.classic.util.DefaultJoranConfigurator
16:46:59,095 |-INFO in ch.qos.logback.classic.LoggerContext[default] - Could NOT find resource [logback-test.xml]
16:46:59,095 |-INFO in ch.qos.logback.classic.LoggerContext[default] - Could NOT find resource [logback.xml]
16:46:59,095 |-INFO in ch.qos.logback.classic.util.ContextInitializer@4441d567 - ch.qos.logback.classic.util.DefaultJoranConfigurator.configure() call lasted 1 milliseconds. ExecutionStatus=INVOKE_NEXT_IF_ANY
16:46:59,095 |-INFO in ch.qos.logback.classic.util.ContextInitializer@4441d567 - Trying to configure with ch.qos.logback.classic.BasicConfigurator
16:46:59,096 |-INFO in ch.qos.logback.classic.util.ContextInitializer@4441d567 - Constructed configurator of type class ch.qos.logback.classic.BasicConfigurator
16:46:59,096 |-INFO in ch.qos.logback.classic.BasicConfigurator@3e1624c7 - Setting up default configuration.
16:46:59,126 |-INFO in ch.qos.logback.classic.util.ContextInitializer@4441d567 - ch.qos.logback.classic.BasicConfigurator.configure() call lasted 30 milliseconds. ExecutionStatus=NEUTRAL
16:47:00,306 |-INFO in ch.qos.logback.core.model.processor.AppenderModelHandler - Processing appender named [STDOUT]
16:47:00,307 |-INFO in ch.qos.logback.core.model.processor.AppenderModelHandler - About to instantiate appender of type [ch.qos.logback.core.ConsoleAppender]
16:47:00,324 |-INFO in ch.qos.logback.core.model.processor.ImplicitModelHandler - Assuming default type [net.logstash.logback.composite.loggingevent.LoggingEventJsonProviders] for [providers] property
16:47:00,334 |-INFO in ch.qos.logback.core.model.processor.ImplicitModelHandler - Assuming default type [net.logstash.logback.composite.loggingevent.LoggingEventFormattedTimestampJsonProvider] for [timestamp] property
16:47:00,336 |-WARN in ch.qos.logback.core.model.processor.ImplicitModelHandler - Ignoring unknown property [logger] in [net.logstash.logback.composite.loggingevent.LoggingEventJsonProviders]
16:47:00,336 |-WARN in ch.qos.logback.core.model.processor.ImplicitModelHandler - Ignoring unknown property [thread] in [net.logstash.logback.composite.loggingevent.LoggingEventJsonProviders]
16:47:00,336 |-WARN in ch.qos.logback.core.model.processor.ImplicitModelHandler - Ignoring unknown property [level] in [net.logstash.logback.composite.loggingevent.LoggingEventJsonProviders]
16:47:00,337 |-INFO in ch.qos.logback.core.model.processor.ImplicitModelHandler - Assuming default type [net.logstash.logback.composite.loggingevent.MessageJsonProvider] for [message] property
16:47:00,338 |-INFO in ch.qos.logback.core.model.processor.ImplicitModelHandler - Assuming default type [net.logstash.logback.composite.loggingevent.StackTraceJsonProvider] for [stackTrace] property
16:47:00,526 |-INFO in ch.qos.logback.classic.model.processor.RootLoggerModelHandler - Setting level of ROOT logger to INFO
16:47:00,526 |-INFO in ch.qos.logback.classic.jul.LevelChangePropagator@62b969c4 - Propagating INFO level on Logger[ROOT] onto the JUL framework
16:47:00,527 |-INFO in ch.qos.logback.core.model.processor.AppenderRefModelHandler - Attaching appender named [STDOUT] to Logger[ROOT]
16:47:00,527 |-INFO in ch.qos.logback.classic.model.processor.LoggerModelHandler - Setting level of logger [org.springframework] to WARN
16:47:00,527 |-INFO in ch.qos.logback.classic.jul.LevelChangePropagator@62b969c4 - Propagating WARN level on Logger[org.springframework] onto the JUL framework
16:47:00,527 |-INFO in ch.qos.logback.classic.model.processor.LoggerModelHandler - Setting level of logger [com.yourpackage] to DEBUG
16:47:00,527 |-INFO in ch.qos.logback.classic.jul.LevelChangePropagator@62b969c4 - Propagating DEBUG level on Logger[com.yourpackage] onto the JUL framework
16:47:00,527 |-INFO in ch.qos.logback.core.model.processor.DefaultProcessor@dcc6211 - End of configuration.
16:47:00,527 |-INFO in org.springframework.boot.logging.logback.SpringBootJoranConfigurator@47ec7422 - Registering current configuration as safe fallback point


  .   ____          _            __ _ _
 /\\ / ___'_ __ _ _(_)_ __  __ _ \ \ \ \
( ( )\___ | '_ | '_| | '_ \/ _` | \ \ \ \
 \\/  ___)| |_)| | | | | || (_| |  ) ) ) )
  '  |____| .__|_| |_|_| |_\__, | / / / /
 =========|_|==============|___/=/_/_/_/

 :: Spring Boot ::                (v3.3.5)

{"@timestamp":"2024-11-10T16:47:00.6157171+03:00","message":"HV000001: Hibernate Validator 8.0.1.Final"}
{"@timestamp":"2024-11-10T16:47:00.6447672+03:00","message":"Starting AuthCoreApplicationTests using Java 21.0.2 with PID 23032 (started by mulug in C:\\Users\\mulug\\Downloads\\AuthCore)"}
{"@timestamp":"2024-11-10T16:47:00.6457686+03:00","message":"No active profile set, falling back to 1 default profile: \"default\""}
{"@timestamp":"2024-11-10T16:47:02.0418543+03:00","message":"HHH000204: Processing PersistenceUnitInfo [name: default]"}
{"@timestamp":"2024-11-10T16:47:02.0999901+03:00","message":"HHH000412: Hibernate ORM core version 6.5.3.Final"}
{"@timestamp":"2024-11-10T16:47:02.1326373+03:00","message":"HHH000026: Second-level cache disabled"}
{"@timestamp":"2024-11-10T16:47:02.4492993+03:00","message":"HikariPool-1 - Starting..."}
{"@timestamp":"2024-11-10T16:47:02.7787422+03:00","message":"HikariPool-1 - Added connection com.mysql.cj.jdbc.ConnectionImpl@7d80e1b3"}
{"@timestamp":"2024-11-10T16:47:02.7808444+03:00","message":"HikariPool-1 - Start completed."}
{"@timestamp":"2024-11-10T16:47:03.6314326+03:00","message":"HHH000489: No JTA platform available (set 'hibernate.transaction.jta.platform' to enable JTA platform integration)"}
{"@timestamp":"2024-11-10T16:47:04.4492166+03:00","message":"Global AuthenticationManager configured with an AuthenticationProvider bean. UserDetailsService beans will not be used for username/password login. Consider removing the AuthenticationProvider bean. Alternatively, consider using the UserDetailsService in a manually instantiated DaoAuthenticationProvider."}
{"@timestamp":"2024-11-10T16:47:04.5855539+03:00","message":"spring.jpa.open-in-view is enabled by default. Therefore, database queries may be performed during view rendering. Explicitly configure spring.jpa.open-in-view to disable this warning"}
{"@timestamp":"2024-11-10T16:47:05.4287024+03:00","message":"Started AuthCoreApplicationTests in 5.768 seconds (process running for 6.96)"}
]]></system-out>
    <system-err><![CDATA[WARNING: A Java agent has been loaded dynamically (C:\Users\mulug\.m2\repository\net\bytebuddy\byte-buddy-agent\1.14.19\byte-buddy-agent-1.14.19.jar)
WARNING: If a serviceability tool is in use, please run with -XX:+EnableDynamicAgentLoading to hide this warning
WARNING: If a serviceability tool is not in use, please run with -Djdk.instrument.traceUsage for more information
WARNING: Dynamic loading of agents will be disallowed by default in a future release
]]></system-err>
  </testcase>
</testsuite>